-------------------------------------------------------------------------------
Test set: mivanov.rev.api.UserControllerIT
-------------------------------------------------------------------------------
Tests run: 6, Failures: 1, Errors: 0, Skipped: 0, Time elapsed: 1.354 sec <<< FAILURE!
testDeductFromTheOnlyBucketIfEnoughBalance(mivanov.rev.api.UserControllerIT)  Time elapsed: 0.536 sec  <<< FAILURE!
java.lang.AssertionError: expected:<1.111> but was:<1.1110000000000002>
	at org.junit.Assert.fail(Assert.java:88)
	at org.junit.Assert.failNotEquals(Assert.java:743)
	at org.junit.Assert.assertEquals(Assert.java:118)
	at org.junit.Assert.assertEquals(Assert.java:144)
	at mivanov.rev.api.UserControllerIT.testDeductFromTheOnlyBucketIfEnoughBalance(UserControllerIT.java:87)

